2021-10-05 21:36:11,449 Player name Oskars
2021-10-05 21:38:39,405 ****NEW GAME****
2021-10-05 21:38:58,148 ****NEW GAME****
2021-10-05 21:38:58,179 Player has to guess: 1
2021-10-05 21:38:58,179 Player name NN
2021-10-05 21:41:14,010 ****NEW GAME****
2021-10-05 21:41:14,011 Player has to guess: 9
2021-10-05 21:41:14,011 Player name hb
2021-10-05 21:41:33,360 Player guessed: 5
2021-10-05 21:41:45,374 Player guessed: 8
2021-10-05 21:41:57,311 Player guessed: 9
2021-10-05 21:58:59,680 ****NEW GAME****
2021-10-05 21:58:59,681 Player has to guess: 10
2021-10-05 21:58:59,681 Player name kli
2021-10-05 21:59:03,325 Player guessed: 5
2021-10-05 21:59:08,927 Player guessed: 8
2021-10-05 21:59:12,562 Player guessed: 10
2021-10-05 21:59:56,683 ****NEW GAME****
2021-10-05 21:59:56,684 Player has to guess: 7
2021-10-05 21:59:56,684 Player name nina
2021-10-05 22:00:01,540 Player guessed: 8
2021-10-05 22:00:05,060 Player guessed: 5
2021-10-05 22:00:09,784 Player guessed: 7
2021-10-05 22:00:09,784 Player won with3number of guesses
2021-10-05 22:14:31,848 ****NEW GAME****
2021-10-05 22:14:31,848 Player has to guess: 10
2021-10-05 22:14:31,848 Player name vova
2021-10-05 22:14:37,149 Player guessed: 9
2021-10-05 22:14:41,778 Player guessed: 10
2021-10-05 22:14:41,778 Player won with 2 number of guesses
2021-11-22 14:03:48,937 ****NEW GAME****
2021-11-22 14:03:48,937 Player has to guess: 5
2021-11-22 14:03:48,937 Player name bob
2021-11-22 14:03:53,093 Player guessed: 6
2021-11-22 14:03:57,657 Player guessed: 3
2021-11-22 14:04:04,837 Player guessed: 4
2021-11-22 14:04:04,837 Player lost
2021-11-22 14:05:40,687 ****NEW GAME****
2021-11-22 14:05:40,687 Player has to guess: 8
2021-11-22 14:05:40,687 Player name nana
2021-11-22 14:05:50,902 Player guessed: 15
2021-11-22 14:05:54,843 Player guessed: 7
2021-11-22 14:06:02,195 Player guessed: 12
2021-11-22 14:06:06,840 Player guessed: 10
2021-11-22 14:06:24,627 Player guessed: 9
2021-11-22 14:06:24,627 Player lost
2021-11-22 14:07:43,116 ****NEW GAME****
2021-11-22 14:07:43,116 Player has to guess: 14
2021-11-22 14:07:43,116 Player name ford
2021-11-22 14:07:47,231 Player guessed: 7
2021-11-22 14:08:00,154 Player guessed: 10
2021-11-22 14:08:05,019 Player guessed: 12
2021-11-22 14:08:08,776 Player guessed: 14
2021-11-22 14:08:08,776 Player won with 4 guesses
2021-11-22 14:25:26,465 ****NEW GAME****
2021-11-22 14:25:26,466 Player has to guess: 5
2021-11-22 14:25:26,466 Player name nat
2021-11-22 14:25:30,782 Player guessed: 9
2021-11-22 14:25:34,185 Player guessed: 4
2021-11-22 14:25:37,826 Player guessed: 7
2021-11-22 14:25:44,248 Player guessed: 5
2021-11-22 14:25:44,248 Player won with 4 guesses. Score is 12.5
2021-11-22 14:27:19,100 ****NEW GAME****
2021-11-22 14:27:19,101 Player has to guess: 12
2021-11-22 14:27:19,101 Player name kk
2021-11-22 14:27:24,383 Player guessed: 8
2021-11-22 14:27:33,171 Player guessed: 13
2021-11-22 14:27:39,081 Player guessed: 10
2021-11-22 14:27:43,982 Player guessed: 12
2021-11-22 14:27:43,982 Player won with 4 guesses. Score is 2.378414230005442
2021-11-22 14:29:08,261 ****NEW GAME****
2021-11-22 14:29:08,261 Player has to guess: 15
2021-11-22 14:29:08,262 Player name lll
2021-11-22 14:29:14,540 Player guessed: 9
2021-11-22 14:29:22,627 Player guessed: 13
2021-11-22 14:29:27,314 Player guessed: 14
2021-11-22 14:29:30,489 Player guessed: 15
2021-11-22 14:29:30,490 Player won with 4 guesses. Score is 15.0
