2021-11-23 17:10:40,893 - INFO - migration : Guessing Game DB migration service
2021-11-23 17:10:40,894 - INFO - migration : Loading configuration from file
2021-11-23 17:10:40,895 - INFO - migration : DONE
2021-11-23 17:10:41,142 - INFO - migration : Connecting to MySQL DB
2021-11-23 17:10:41,144 - INFO - migration : Connected to MySQL database. MySQL Server version on 5.5.5-10.3.13-MariaDB
2021-11-23 17:10:41,148 - INFO - migration : Migrations table exists
2021-11-23 17:10:41,158 - INFO - migration : No migrations to execute
2021-11-23 17:15:41,487 - INFO - migration : Guessing Game DB migration service
2021-11-23 17:15:41,488 - INFO - migration : Loading configuration from file
2021-11-23 17:15:41,489 - INFO - migration : DONE
2021-11-23 17:15:41,507 - INFO - migration : Connecting to MySQL DB
2021-11-23 17:15:41,508 - INFO - migration : Connected to MySQL database. MySQL Server version on 5.5.5-10.3.13-MariaDB
2021-11-23 17:15:41,513 - INFO - migration : Migrations table exists
2021-11-23 17:15:41,517 - INFO - migration : No migrations to execute
2021-11-23 17:16:05,754 - INFO - migration : Guessing Game DB migration service
2021-11-23 17:16:05,755 - INFO - migration : Loading configuration from file
2021-11-23 17:16:05,755 - INFO - migration : DONE
2021-11-23 17:16:05,765 - INFO - migration : Connecting to MySQL DB
2021-11-23 17:16:05,766 - INFO - migration : Connected to MySQL database. MySQL Server version on 5.5.5-10.3.13-MariaDB
2021-11-23 17:16:05,769 - INFO - migration : Migrations table exists
2021-11-23 17:16:05,773 - INFO - migration : No migrations to execute
2021-11-23 17:22:27,077 - INFO - migration : Guessing Game DB migration service
2021-11-23 17:22:27,077 - INFO - migration : Loading configuration from file
2021-11-23 17:22:27,078 - INFO - migration : DONE
2021-11-23 17:22:27,088 - INFO - migration : Connecting to MySQL DB
2021-11-23 17:22:27,089 - INFO - migration : Connected to MySQL database. MySQL Server version on 5.5.5-10.3.13-MariaDB
2021-11-23 17:22:27,092 - INFO - migration : Migrations table exists
2021-11-23 17:22:27,096 - INFO - migration : No migrations to execute
2021-11-23 19:00:20,113 - INFO - migration : Guessing Game DB migration service
2021-11-23 19:00:20,113 - INFO - migration : Loading configuration from file
2021-11-23 19:00:20,114 - INFO - migration : DONE
2021-11-23 19:00:20,123 - INFO - migration : Connecting to MySQL DB
2021-11-23 19:00:20,124 - INFO - migration : Connected to MySQL database. MySQL Server version on 5.5.5-10.3.13-MariaDB
2021-11-23 19:00:20,127 - INFO - migration : Migrations table exists
2021-11-23 19:00:20,130 - INFO - migration : No migrations to execute
